-
b01.in Correct 82
50 node number
9 terminal number
0 ms graph read
5 ms distances duration
234 ms copy duration
763 us first phase duration
742 us second phase duration
241 ms everything
-
b02.in Correct 83
50 node number
13 terminal number
0 ms graph read
7 ms distances duration
243 ms copy duration
56562 us first phase duration
19773 us second phase duration
328 ms everything
-
b04.in Correct 59
50 node number
9 terminal number
0 ms graph read
2 ms distances duration
213 ms copy duration
2056 us first phase duration
2037 us second phase duration
220 ms everything
-
b05.in Correct 61
50 node number
13 terminal number
0 ms graph read
6 ms distances duration
252 ms copy duration
51558 us first phase duration
24149 us second phase duration
335 ms everything
-
b07.in Correct 111
75 node number
13 terminal number
0 ms graph read
13 ms distances duration
261 ms copy duration
56566 us first phase duration
39623 us second phase duration
371 ms everything
-
b10.in Correct 86
75 node number
13 terminal number
0 ms graph read
8 ms distances duration
246 ms copy duration
60068 us first phase duration
42923 us second phase duration
358 ms everything
-
b08.in Correct 104
75 node number
19 terminal number
0 ms graph read
14 ms distances duration
322 ms copy duration
71468240 us first phase duration
2958312 us second phase duration
74788 ms everything
-
b11.in Correct 88
75 node number
19 terminal number
0 ms graph read
15 ms distances duration
373 ms copy duration
71188499 us first phase duration
2963937 us second phase duration
74569 ms everything
-
b13.in Correct 165
100 node number
17 terminal number
0 ms graph read
25 ms distances duration
245 ms copy duration
7071282 us first phase duration
531067 us second phase duration
7880 ms everything
