-
c01.in Correct 85
500 node number
5 terminal number
2 ms graph read
2356 ms distances duration
242 ms copy duration
50 us first phase duration
42 us second phase duration
2598 ms everything
-
c02.in Correct 144
500 node number
10 terminal number
3 ms graph read
2389 ms distances duration
231 ms copy duration
2287 us first phase duration
2284 us second phase duration
2625 ms everything
-
c06.in Correct 55
500 node number
5 terminal number
2 ms graph read
2361 ms distances duration
218 ms copy duration
57 us first phase duration
45 us second phase duration
2580 ms everything
-
c07.in Correct 102
500 node number
10 terminal number
3 ms graph read
2360 ms distances duration
209 ms copy duration
1216 us first phase duration
1211 us second phase duration
2573 ms everything
-
c11.in Correct 32
500 node number
5 terminal number
2 ms graph read
2417 ms distances duration
228 ms copy duration
52 us first phase duration
43 us second phase duration
2646 ms everything
-
c12.in Correct 46
500 node number
10 terminal number
3 ms graph read
2539 ms distances duration
221 ms copy duration
1444 us first phase duration
1423 us second phase duration
2763 ms everything
-
c16.in Correct 11
500 node number
5 terminal number
8 ms graph read
2371 ms distances duration
205 ms copy duration
45 us first phase duration
36 us second phase duration
2577 ms everything
-
c17.in Correct 18
500 node number
10 terminal number
7 ms graph read
2424 ms distances duration
269 ms copy duration
1398 us first phase duration
1365 us second phase duration
2696 ms everything
