-
d01.in Correct 106
1000 node number
5 terminal number
8 ms graph read
18353 ms distances duration
296 ms copy duration
43 us first phase duration
36 us second phase duration
18650 ms everything
-
d02.in Correct 220
1000 node number
10 terminal number
7 ms graph read
18346 ms distances duration
298 ms copy duration
1212 us first phase duration
1188 us second phase duration
18646 ms everything
-
d06.in Correct 67
1000 node number
5 terminal number
8 ms graph read
18266 ms distances duration
304 ms copy duration
44 us first phase duration
36 us second phase duration
18571 ms everything
-
d07.in Correct 103
1000 node number
10 terminal number
8 ms graph read
18259 ms distances duration
301 ms copy duration
1921 us first phase duration
1918 us second phase duration
18564 ms everything
-
d11.in Correct 29
1000 node number
5 terminal number
9 ms graph read
18125 ms distances duration
269 ms copy duration
44 us first phase duration
36 us second phase duration
18394 ms everything
-
d12.in Correct 42
1000 node number
10 terminal number
9 ms graph read
18192 ms distances duration
284 ms copy duration
1217 us first phase duration
1195 us second phase duration
18479 ms everything
-
d16.in Correct 13
1000 node number
5 terminal number
13 ms graph read
18155 ms distances duration
330 ms copy duration
45 us first phase duration
36 us second phase duration
18485 ms everything
-
d17.in Correct 23
1000 node number
10 terminal number
12 ms graph read
18230 ms distances duration
309 ms copy duration
1764 us first phase duration
1719 us second phase duration
18543 ms everything
