-
diw0250.in Correct 350
353 node number
11 terminal number
0 ms graph read
799 ms distances duration
232 ms copy duration
4737 us first phase duration
27920 us second phase duration
1064 ms everything
-
diw0260.in Correct 468
539 node number
12 terminal number
2 ms graph read
2835 ms distances duration
289 ms copy duration
23466 us first phase duration
307600 us second phase duration
3456 ms everything
-
diw0313.in Correct 397
468 node number
14 terminal number
2 ms graph read
1859 ms distances duration
311 ms copy duration
253640 us first phase duration
811582 us second phase duration
3236 ms everything
-
diw0393.in Correct 302
212 node number
11 terminal number
0 ms graph read
184 ms distances duration
271 ms copy duration
4137 us first phase duration
12220 us second phase duration
472 ms everything
-
diw0460.in Correct 345
339 node number
13 terminal number
1 ms graph read
711 ms distances duration
222 ms copy duration
76877 us first phase duration
235065 us second phase duration
1245 ms everything
-
diw0495.in Correct 616
938 node number
10 terminal number
7 ms graph read
15034 ms distances duration
278 ms copy duration
1206 us first phase duration
1189 us second phase duration
15315 ms everything
-
diw0513.in Correct 604
918 node number
10 terminal number
6 ms graph read
14117 ms distances duration
315 ms copy duration
1203 us first phase duration
1187 us second phase duration
14435 ms everything
-
diw0523.in Correct 561
1080 node number
10 terminal number
9 ms graph read
22875 ms distances duration
273 ms copy duration
1210 us first phase duration
1197 us second phase duration
23150 ms everything
-
diw0540.in Correct 374
286 node number
10 terminal number
1 ms graph read
433 ms distances duration
294 ms copy duration
1241 us first phase duration
1216 us second phase duration
730 ms everything
