-
dmxa0296.in Correct 344
233 node number
12 terminal number
1 ms graph read
269 ms distances duration
256 ms copy duration
18919 us first phase duration
57899 us second phase duration
602 ms everything
-
dmxa0628.in Correct 275
169 node number
10 terminal number
0 ms graph read
97 ms distances duration
244 ms copy duration
1237 us first phase duration
1212 us second phase duration
344 ms everything
-
dmxa0734.in Correct 506
663 node number
11 terminal number
1 ms graph read
5504 ms distances duration
221 ms copy duration
6018 us first phase duration
148586 us second phase duration
5881 ms everything
-
dmxa0903.in Correct 580
632 node number
10 terminal number
7 ms graph read
4686 ms distances duration
244 ms copy duration
1355 us first phase duration
1336 us second phase duration
4933 ms everything
-
dmxa1304.in Correct 311
298 node number
10 terminal number
1 ms graph read
511 ms distances duration
234 ms copy duration
1481 us first phase duration
1457 us second phase duration
749 ms everything
-
dmxa1516.in Correct 508
720 node number
11 terminal number
4 ms graph read
7098 ms distances duration
262 ms copy duration
9441 us first phase duration
185165 us second phase duration
7555 ms everything
-
dmxa0848.in Correct 594
499 node number
16 terminal number
1 ms graph read
2417 ms distances duration
332 ms copy duration
3409274 us first phase duration
4589845 us second phase duration
10752 ms everything
-
dmxa1109.in Correct 454
343 node number
17 terminal number
1 ms graph read
816 ms distances duration
362 ms copy duration
9534440 us first phase duration
3657181 us second phase duration
14377 ms everything
