-
es10fst01.in Correct 22920745
18 node number
10 terminal number
0 ms graph read
0 ms distances duration
194 ms copy duration
1360 us first phase duration
1368 us second phase duration
197 ms everything
-
es10fst02.in Correct 19134104
14 node number
10 terminal number
0 ms graph read
0 ms distances duration
201 ms copy duration
1278 us first phase duration
1228 us second phase duration
204 ms everything
-
es10fst03.in Correct 26003678
17 node number
10 terminal number
0 ms graph read
0 ms distances duration
218 ms copy duration
2640 us first phase duration
2625 us second phase duration
224 ms everything
-
es10fst04.in Correct 20461116
18 node number
10 terminal number
0 ms graph read
0 ms distances duration
250 ms copy duration
1230 us first phase duration
1233 us second phase duration
253 ms everything
-
es10fst05.in Correct 18818916
12 node number
10 terminal number
0 ms graph read
0 ms distances duration
213 ms copy duration
1340 us first phase duration
1346 us second phase duration
216 ms everything
-
es10fst06.in Correct 26540768
17 node number
10 terminal number
0 ms graph read
0 ms distances duration
234 ms copy duration
1240 us first phase duration
1237 us second phase duration
237 ms everything
-
es10fst07.in Correct 26025072
14 node number
10 terminal number
0 ms graph read
0 ms distances duration
222 ms copy duration
1247 us first phase duration
1235 us second phase duration
224 ms everything
-
es10fst08.in Correct 25056214
21 node number
10 terminal number
0 ms graph read
0 ms distances duration
220 ms copy duration
1449 us first phase duration
1419 us second phase duration
223 ms everything
-
es10fst09.in Correct 22062355
21 node number
10 terminal number
0 ms graph read
0 ms distances duration
206 ms copy duration
1280 us first phase duration
1250 us second phase duration
210 ms everything
-
es10fst10.in Correct 23936095
18 node number
10 terminal number
0 ms graph read
0 ms distances duration
227 ms copy duration
1228 us first phase duration
1245 us second phase duration
230 ms everything
-
es10fst11.in Correct 22239535
14 node number
10 terminal number
0 ms graph read
0 ms distances duration
221 ms copy duration
1218 us first phase duration
1225 us second phase duration
224 ms everything
-
es10fst12.in Correct 19626318
13 node number
10 terminal number
0 ms graph read
0 ms distances duration
213 ms copy duration
1221 us first phase duration
1222 us second phase duration
216 ms everything
-
es10fst13.in Correct 19483914
18 node number
10 terminal number
0 ms graph read
0 ms distances duration
230 ms copy duration
1231 us first phase duration
1226 us second phase duration
233 ms everything
-
es10fst14.in Correct 21856128
24 node number
10 terminal number
0 ms graph read
0 ms distances duration
256 ms copy duration
1288 us first phase duration
1274 us second phase duration
260 ms everything
-
es10fst15.in Correct 18641924
16 node number
10 terminal number
0 ms graph read
0 ms distances duration
260 ms copy duration
1560 us first phase duration
1540 us second phase duration
263 ms everything
