-
gap1413.in Correct 457
541 node number
10 terminal number
3 ms graph read
2902 ms distances duration
290 ms copy duration
1227 us first phase duration
1191 us second phase duration
3196 ms everything
-
gap2740.in Correct 745
1196 node number
14 terminal number
10 ms graph read
31045 ms distances duration
420 ms copy duration
356299 us first phase duration
6675426 us second phase duration
38498 ms everything
-
gap2800.in Correct 386
386 node number
12 terminal number
1 ms graph read
1044 ms distances duration
300 ms copy duration
17239 us first phase duration
102821 us second phase duration
1465 ms everything
-
gap2975.in Correct 245
179 node number
10 terminal number
0 ms graph read
111 ms distances duration
279 ms copy duration
1216 us first phase duration
1200 us second phase duration
392 ms everything
-
gap3036.in Correct 457
346 node number
13 terminal number
1 ms graph read
773 ms distances duration
312 ms copy duration
75837 us first phase duration
232109 us second phase duration
1394 ms everything
-
gap3100.in Correct 640
921 node number
11 terminal number
6 ms graph read
14293 ms distances duration
299 ms copy duration
6821 us first phase duration
356028 us second phase duration
14955 ms everything
-
gap1307.in Correct 549
342 node number
17 terminal number
1 ms graph read
733 ms distances duration
378 ms copy duration
9250684 us first phase duration
3698778 us second phase duration
14068 ms everything
-
gap1500.in Correct 254
220 node number
17 terminal number
0 ms graph read
200 ms distances duration
391 ms copy duration
8147356 us first phase duration
1903244 us second phase duration
10648 ms everything
-
gap1810.in Correct 482
429 node number
17 terminal number
1 ms graph read
1433 ms distances duration
448 ms copy duration
9793810 us first phase duration
5958521 us second phase duration
17641 ms everything
