-
i160-001.in Correct 2490
160 node number
7 terminal number
0 ms graph read
88 ms distances duration
212 ms copy duration
161 us first phase duration
149 us second phase duration
302 ms everything
-
i160-002.in Correct 2158
160 node number
7 terminal number
0 ms graph read
89 ms distances duration
283 ms copy duration
169 us first phase duration
156 us second phase duration
373 ms everything
-
i160-003.in Correct 2297
160 node number
7 terminal number
0 ms graph read
82 ms distances duration
242 ms copy duration
189 us first phase duration
172 us second phase duration
324 ms everything
-
i160-004.in Correct 2370
160 node number
7 terminal number
0 ms graph read
93 ms distances duration
290 ms copy duration
159 us first phase duration
153 us second phase duration
384 ms everything
-
i160-005.in Correct 2495
160 node number
7 terminal number
0 ms graph read
86 ms distances duration
243 ms copy duration
179 us first phase duration
172 us second phase duration
330 ms everything
-
i160-011.in Correct 1677
160 node number
7 terminal number
0 ms graph read
85 ms distances duration
229 ms copy duration
157 us first phase duration
150 us second phase duration
315 ms everything
-
i160-012.in Correct 1750
160 node number
7 terminal number
1 ms graph read
96 ms distances duration
283 ms copy duration
157 us first phase duration
150 us second phase duration
380 ms everything
-
i160-013.in Correct 1661
160 node number
7 terminal number
0 ms graph read
97 ms distances duration
214 ms copy duration
157 us first phase duration
148 us second phase duration
311 ms everything
-
i160-014.in Correct 1778
160 node number
7 terminal number
0 ms graph read
84 ms distances duration
235 ms copy duration
161 us first phase duration
151 us second phase duration
320 ms everything
-
i160-015.in Correct 1768
160 node number
7 terminal number
0 ms graph read
88 ms distances duration
262 ms copy duration
187 us first phase duration
178 us second phase duration
350 ms everything
-
i160-021.in Correct 1352
160 node number
7 terminal number
3 ms graph read
82 ms distances duration
198 ms copy duration
177 us first phase duration
164 us second phase duration
281 ms everything
-
i160-022.in Correct 1365
160 node number
7 terminal number
2 ms graph read
88 ms distances duration
212 ms copy duration
158 us first phase duration
149 us second phase duration
301 ms everything
-
i160-023.in Correct 1351
160 node number
7 terminal number
2 ms graph read
82 ms distances duration
226 ms copy duration
209 us first phase duration
200 us second phase duration
309 ms everything
-
i160-024.in Correct 1371
160 node number
7 terminal number
1 ms graph read
82 ms distances duration
271 ms copy duration
228 us first phase duration
203 us second phase duration
355 ms everything
-
i160-025.in Correct 1366
160 node number
7 terminal number
7 ms graph read
92 ms distances duration
292 ms copy duration
162 us first phase duration
153 us second phase duration
384 ms everything
-
i160-031.in Correct 2170
160 node number
7 terminal number
0 ms graph read
92 ms distances duration
268 ms copy duration
160 us first phase duration
152 us second phase duration
362 ms everything
-
i160-032.in Correct 2330
160 node number
7 terminal number
0 ms graph read
88 ms distances duration
183 ms copy duration
159 us first phase duration
151 us second phase duration
272 ms everything
-
i160-033.in Correct 2101
160 node number
7 terminal number
0 ms graph read
100 ms distances duration
224 ms copy duration
171 us first phase duration
155 us second phase duration
324 ms everything
-
i160-034.in Correct 2083
160 node number
7 terminal number
0 ms graph read
98 ms distances duration
212 ms copy duration
161 us first phase duration
155 us second phase duration
311 ms everything
-
i160-035.in Correct 2103
160 node number
7 terminal number
0 ms graph read
96 ms distances duration
215 ms copy duration
159 us first phase duration
150 us second phase duration
312 ms everything
-
i160-041.in Correct 1494
160 node number
7 terminal number
1 ms graph read
93 ms distances duration
224 ms copy duration
184 us first phase duration
176 us second phase duration
318 ms everything
-
i160-042.in Correct 1486
160 node number
7 terminal number
0 ms graph read
77 ms distances duration
208 ms copy duration
189 us first phase duration
177 us second phase duration
286 ms everything
-
i160-043.in Correct 1549
160 node number
7 terminal number
1 ms graph read
104 ms distances duration
204 ms copy duration
350 us first phase duration
326 us second phase duration
310 ms everything
-
i160-044.in Correct 1478
160 node number
7 terminal number
2 ms graph read
93 ms distances duration
217 ms copy duration
155 us first phase duration
148 us second phase duration
311 ms everything
-
i160-045.in Correct 1554
160 node number
7 terminal number
1 ms graph read
95 ms distances duration
184 ms copy duration
173 us first phase duration
154 us second phase duration
280 ms everything
-
i160-101.in Correct 3859
160 node number
12 terminal number
0 ms graph read
100 ms distances duration
212 ms copy duration
17956 us first phase duration
35205 us second phase duration
367 ms everything
-
i160-102.in Correct 3747
160 node number
12 terminal number
0 ms graph read
90 ms distances duration
240 ms copy duration
18207 us first phase duration
36571 us second phase duration
385 ms everything
-
i160-103.in Correct 3837
160 node number
12 terminal number
2 ms graph read
91 ms distances duration
235 ms copy duration
15687 us first phase duration
37144 us second phase duration
380 ms everything
-
i160-104.in Correct 4063
160 node number
12 terminal number
0 ms graph read
83 ms distances duration
204 ms copy duration
18184 us first phase duration
36871 us second phase duration
343 ms everything
-
i160-105.in Correct 3563
160 node number
12 terminal number
0 ms graph read
88 ms distances duration
233 ms copy duration
18738 us first phase duration
35042 us second phase duration
376 ms everything
-
i160-111.in Correct 2869
160 node number
12 terminal number
0 ms graph read
90 ms distances duration
212 ms copy duration
15165 us first phase duration
38040 us second phase duration
356 ms everything
-
i160-112.in Correct 2924
160 node number
12 terminal number
0 ms graph read
85 ms distances duration
281 ms copy duration
17624 us first phase duration
35626 us second phase duration
421 ms everything
-
i160-113.in Correct 2866
160 node number
12 terminal number
0 ms graph read
84 ms distances duration
223 ms copy duration
19259 us first phase duration
33310 us second phase duration
361 ms everything
-
i160-114.in Correct 2989
160 node number
12 terminal number
0 ms graph read
95 ms distances duration
233 ms copy duration
19423 us first phase duration
34694 us second phase duration
383 ms everything
-
i160-115.in Correct 2937
160 node number
12 terminal number
0 ms graph read
91 ms distances duration
234 ms copy duration
15745 us first phase duration
37309 us second phase duration
378 ms everything
-
i160-121.in Correct 2363
160 node number
12 terminal number
4 ms graph read
80 ms distances duration
220 ms copy duration
15275 us first phase duration
32093 us second phase duration
348 ms everything
-
i160-122.in Correct 2348
160 node number
12 terminal number
4 ms graph read
79 ms distances duration
216 ms copy duration
14198 us first phase duration
30775 us second phase duration
341 ms everything
-
i160-123.in Correct 2355
160 node number
12 terminal number
5 ms graph read
79 ms distances duration
279 ms copy duration
14343 us first phase duration
30666 us second phase duration
404 ms everything
-
i160-124.in Correct 2352
160 node number
12 terminal number
7 ms graph read
79 ms distances duration
254 ms copy duration
19131 us first phase duration
40535 us second phase duration
393 ms everything
-
i160-125.in Correct 2351
160 node number
12 terminal number
4 ms graph read
78 ms distances duration
235 ms copy duration
15313 us first phase duration
33656 us second phase duration
363 ms everything
-
i160-131.in Correct 3356
160 node number
12 terminal number
0 ms graph read
83 ms distances duration
284 ms copy duration
15364 us first phase duration
33312 us second phase duration
417 ms everything
-
i160-132.in Correct 3450
160 node number
12 terminal number
0 ms graph read
79 ms distances duration
203 ms copy duration
14940 us first phase duration
32978 us second phase duration
331 ms everything
-
i160-133.in Correct 3585
160 node number
12 terminal number
0 ms graph read
83 ms distances duration
234 ms copy duration
16212 us first phase duration
31118 us second phase duration
366 ms everything
-
i160-134.in Correct 3470
160 node number
12 terminal number
0 ms graph read
82 ms distances duration
294 ms copy duration
16196 us first phase duration
30785 us second phase duration
423 ms everything
-
i160-135.in Correct 3716
160 node number
12 terminal number
0 ms graph read
83 ms distances duration
252 ms copy duration
19931 us first phase duration
45666 us second phase duration
401 ms everything
-
i160-141.in Correct 2549
160 node number
12 terminal number
1 ms graph read
84 ms distances duration
242 ms copy duration
15800 us first phase duration
35037 us second phase duration
377 ms everything
-
i160-142.in Correct 2562
160 node number
12 terminal number
1 ms graph read
84 ms distances duration
314 ms copy duration
15688 us first phase duration
34680 us second phase duration
449 ms everything
-
i160-143.in Correct 2557
160 node number
12 terminal number
1 ms graph read
82 ms distances duration
274 ms copy duration
19928 us first phase duration
45699 us second phase duration
422 ms everything
-
i160-144.in Correct 2607
160 node number
12 terminal number
1 ms graph read
83 ms distances duration
257 ms copy duration
15599 us first phase duration
34812 us second phase duration
391 ms everything
-
i160-145.in Correct 2578
160 node number
12 terminal number
1 ms graph read
81 ms distances duration
209 ms copy duration
15529 us first phase duration
34424 us second phase duration
341 ms everything
