-
p619.in Correct 7485
100 node number
5 terminal number
0 ms graph read
27 ms distances duration
249 ms copy duration
86 us first phase duration
77 us second phase duration
276 ms everything
-
p620.in Correct 8746
100 node number
5 terminal number
0 ms graph read
28 ms distances duration
212 ms copy duration
44 us first phase duration
37 us second phase duration
240 ms everything
-
p621.in Correct 8688
100 node number
5 terminal number
0 ms graph read
23 ms distances duration
226 ms copy duration
48 us first phase duration
36 us second phase duration
249 ms everything
-
p622.in Correct 15972
100 node number
10 terminal number
0 ms graph read
27 ms distances duration
223 ms copy duration
1220 us first phase duration
1219 us second phase duration
253 ms everything
-
p623.in Correct 19496
100 node number
10 terminal number
0 ms graph read
25 ms distances duration
245 ms copy duration
1431 us first phase duration
1421 us second phase duration
274 ms everything
-
p630.in Correct 26125
200 node number
10 terminal number
0 ms graph read
151 ms distances duration
235 ms copy duration
2576 us first phase duration
2561 us second phase duration
391 ms everything
-
p624.in Correct 20246
100 node number
20 terminal number
0 ms graph read
27 ms distances duration
530 ms copy duration
256957623 us first phase duration
4580762 us second phase duration
262151 ms everything
-
p625.in Correct 23078
100 node number
20 terminal number
0 ms graph read
28 ms distances duration
547 ms copy duration
243382950 us first phase duration
4329433 us second phase duration
248345 ms everything
-
p626.in Correct 22346
100 node number
20 terminal number
0 ms graph read
26 ms distances duration
539 ms copy duration
244021621 us first phase duration
4466567 us second phase duration
249112 ms everything
