-
p601.in Correct 0
100 node number
0 terminal number
0 ms graph read
0 ms distances duration
0 ms copy duration
0 us first phase duration
0 us second phase duration
0 ms everything
-
p602.in Correct 8083
100 node number
5 terminal number
0 ms graph read
27 ms distances duration
214 ms copy duration
44 us first phase duration
37 us second phase duration
242 ms everything
-
p603.in Correct 5022
100 node number
5 terminal number
0 ms graph read
26 ms distances duration
333 ms copy duration
43 us first phase duration
37 us second phase duration
359 ms everything
-
p604.in Correct 11397
100 node number
10 terminal number
0 ms graph read
24 ms distances duration
279 ms copy duration
1407 us first phase duration
1408 us second phase duration
307 ms everything
-
p605.in Correct 10355
100 node number
10 terminal number
0 ms graph read
24 ms distances duration
254 ms copy duration
1201 us first phase duration
1213 us second phase duration
281 ms everything
-
p606.in Correct 13048
100 node number
10 terminal number
0 ms graph read
25 ms distances duration
311 ms copy duration
1218 us first phase duration
1227 us second phase duration
339 ms everything
-
p613.in Correct 18429
200 node number
10 terminal number
0 ms graph read
151 ms distances duration
315 ms copy duration
1215 us first phase duration
1202 us second phase duration
469 ms everything
-
p607.in Correct 15358
100 node number
20 terminal number
0 ms graph read
26 ms distances duration
583 ms copy duration
238412304 us first phase duration
4354860 us second phase duration
243445 ms everything
-
p608.in Correct 14439
100 node number
20 terminal number
0 ms graph read
25 ms distances duration
566 ms copy duration
238252419 us first phase duration
4299701 us second phase duration
243194 ms everything
-
p609.in Correct 18263
100 node number
20 terminal number
0 ms graph read
25 ms distances duration
587 ms copy duration
238235798 us first phase duration
4344838 us second phase duration
243247 ms everything
