-
i080-001.stp
80 n
6 T
0.001
-
i080-002.stp
80 n
6 T
0.001
-
i080-003.stp
80 n
6 T
0.001
-
i080-004.stp
80 n
6 T
0.000
-
i080-005.stp
80 n
6 T
0.001
-
i080-011.stp
80 n
6 T
0.001
-
i080-012.stp
80 n
6 T
0.003
-
i080-013.stp
80 n
6 T
0.002
-
i080-014.stp
80 n
6 T
0.003
-
i080-015.stp
80 n
6 T
0.002
-
i080-021.stp
80 n
6 T
0.004
-
i080-022.stp
80 n
6 T
0.005
-
i080-023.stp
80 n
6 T
0.005
-
i080-024.stp
80 n
6 T
0.004
-
i080-025.stp
80 n
6 T
0.004
-
i080-031.stp
80 n
6 T
0.001
-
i080-032.stp
80 n
6 T
0.002
-
i080-033.stp
80 n
6 T
0.001
-
i080-034.stp
80 n
6 T
0.002
-
i080-035.stp
80 n
6 T
0.002
-
i080-041.stp
80 n
6 T
0.002
-
i080-042.stp
80 n
6 T
0.004
-
i080-043.stp
80 n
6 T
0.004
-
i080-044.stp
80 n
6 T
0.003
-
i080-045.stp
80 n
6 T
0.003
-
i080-101.stp
80 n
8 T
0.001
-
i080-102.stp
80 n
8 T
0.001
-
i080-103.stp
80 n
8 T
0.005
-
i080-104.stp
80 n
8 T
0.006
-
i080-105.stp
80 n
8 T
0.001
-
i080-111.stp
80 n
8 T
0.009
-
i080-112.stp
80 n
8 T
0.014
-
i080-113.stp
80 n
8 T
0.010
-
i080-114.stp
80 n
8 T
0.012
-
i080-115.stp
80 n
8 T
0.013
-
i080-121.stp
80 n
8 T
0.009
-
i080-122.stp
80 n
8 T
0.016
-
i080-123.stp
80 n
8 T
0.009
-
i080-124.stp
80 n
8 T
0.008
-
i080-125.stp
80 n
8 T
0.012
-
i080-131.stp
80 n
8 T
0.002
-
i080-132.stp
80 n
8 T
0.009
-
i080-133.stp
80 n
8 T
0.004
-
i080-134.stp
80 n
8 T
0.009
-
i080-135.stp
80 n
8 T
0.005
-
i080-141.stp
80 n
8 T
0.011
-
i080-142.stp
80 n
8 T
0.015
-
i080-143.stp
80 n
8 T
0.010
-
i080-144.stp
80 n
8 T
0.015
-
i080-145.stp
80 n
8 T
0.012
-
i080-201.stp
80 n
16 T
0.024
-
i080-202.stp
80 n
16 T
0.025
-
i080-203.stp
80 n
16 T
0.017
-
i080-204.stp
80 n
16 T
0.045
-
i080-205.stp
80 n
16 T
0.020
-
i080-211.stp
80 n
16 T
19.945
-
i080-212.stp
80 n
16 T
20.006
-
i080-213.stp
80 n
16 T
19.615
-
i080-214.stp
80 n
16 T
19.221
-
i080-215.stp
80 n
16 T
18.571
-
i080-221.stp
80 n
16 T
21.986
-
i080-222.stp
80 n
16 T
21.663
-
i080-223.stp
80 n
16 T
22.145
-
i080-224.stp
80 n
16 T
22.700
-
i080-225.stp
80 n
16 T
22.761
-
i080-231.stp
80 n
16 T
2.817
-
i080-232.stp
80 n
16 T
5.961
-
i080-233.stp
80 n
16 T
1.870
-
i080-234.stp
80 n
16 T
0.908
-
i080-235.stp
80 n
16 T
0.415
-
i080-241.stp
80 n
16 T
21.258
-
i080-242.stp
80 n
16 T
20.479
-
i080-243.stp
80 n
16 T
20.741
-
i080-244.stp
80 n
16 T
20.048
-
i080-245.stp
80 n
16 T
24.089
-
i080-301.stp
80 n
20 T
0.521
-
i080-302.stp
80 n
20 T
0.053
-
i080-303.stp
80 n
20 T
0.335
-
i080-304.stp
80 n
20 T
0.495
-
i080-305.stp
80 n
20 T
1.881
-
i080-311.stp
80 n
20 T
600.0
-
i080-312.stp
80 n
20 T
600.0
-
i080-313.stp
80 n
20 T
600.0
-
i080-314.stp
80 n
20 T
600.0
-
i080-315.stp
80 n
20 T
600.0
