-
i160-001.stp
160 n
7 T
0.002
-
i160-002.stp
160 n
7 T
0.003
-
i160-003.stp
160 n
7 T
0.002
-
i160-004.stp
160 n
7 T
0.001
-
i160-005.stp
160 n
7 T
0.003
-
i160-011.stp
160 n
7 T
0.006
-
i160-012.stp
160 n
7 T
0.011
-
i160-013.stp
160 n
7 T
0.003
-
i160-014.stp
160 n
7 T
0.006
-
i160-015.stp
160 n
7 T
0.006
-
i160-021.stp
160 n
7 T
0.011
-
i160-022.stp
160 n
7 T
0.009
-
i160-023.stp
160 n
7 T
0.010
-
i160-024.stp
160 n
7 T
0.009
-
i160-025.stp
160 n
7 T
0.009
-
i160-031.stp
160 n
7 T
0.006
-
i160-032.stp
160 n
7 T
0.003
-
i160-033.stp
160 n
7 T
0.003
-
i160-034.stp
160 n
7 T
0.002
-
i160-035.stp
160 n
7 T
0.002
-
i160-041.stp
160 n
7 T
0.011
-
i160-042.stp
160 n
7 T
0.007
-
i160-043.stp
160 n
7 T
0.012
-
i160-044.stp
160 n
7 T
0.013
-
i160-045.stp
160 n
7 T
0.005
-
i160-101.stp
160 n
12 T
0.043
-
i160-102.stp
160 n
12 T
0.072
-
i160-103.stp
160 n
12 T
0.022
-
i160-104.stp
160 n
12 T
0.018
-
i160-105.stp
160 n
12 T
0.031
-
i160-111.stp
160 n
12 T
0.482
-
i160-112.stp
160 n
12 T
0.552
-
i160-113.stp
160 n
12 T
0.517
-
i160-114.stp
160 n
12 T
0.462
-
i160-115.stp
160 n
12 T
0.504
-
i160-121.stp
160 n
12 T
0.593
-
i160-122.stp
160 n
12 T
0.594
-
i160-123.stp
160 n
12 T
0.610
-
i160-124.stp
160 n
12 T
0.615
-
i160-125.stp
160 n
12 T
0.633
-
i160-131.stp
160 n
12 T
0.222
-
i160-132.stp
160 n
12 T
0.079
-
i160-133.stp
160 n
12 T
0.207
-
i160-134.stp
160 n
12 T
0.052
-
i160-135.stp
160 n
12 T
0.100
-
i160-141.stp
160 n
12 T
0.566
-
i160-142.stp
160 n
12 T
0.589
-
i160-143.stp
160 n
12 T
0.567
-
i160-144.stp
160 n
12 T
0.574
-
i160-145.stp
160 n
12 T
0.581
