-
i320-001.stp
320 n
8 T
0.006
-
i320-002.stp
320 n
8 T
0.007
-
i320-003.stp
320 n
8 T
0.006
-
i320-004.stp
320 n
8 T
0.011
-
i320-005.stp
320 n
8 T
0.010
-
i320-011.stp
320 n
8 T
0.027
-
i320-012.stp
320 n
8 T
0.026
-
i320-013.stp
320 n
8 T
0.026
-
i320-014.stp
320 n
8 T
0.028
-
i320-015.stp
320 n
8 T
0.033
-
i320-021.stp
320 n
8 T
0.046
-
i320-022.stp
320 n
8 T
0.047
-
i320-023.stp
320 n
8 T
0.072
-
i320-024.stp
320 n
8 T
0.049
-
i320-025.stp
320 n
8 T
0.048
-
i320-031.stp
320 n
8 T
0.016
-
i320-032.stp
320 n
8 T
0.018
-
i320-033.stp
320 n
8 T
0.018
-
i320-034.stp
320 n
8 T
0.020
-
i320-035.stp
320 n
8 T
0.019
-
i320-041.stp
320 n
8 T
0.034
-
i320-042.stp
320 n
8 T
0.035
-
i320-043.stp
320 n
8 T
0.034
-
i320-044.stp
320 n
8 T
0.031
-
i320-045.stp
320 n
8 T
0.033
-
i320-101.stp
320 n
17 T
3.972
-
i320-102.stp
320 n
17 T
0.706
-
i320-103.stp
320 n
17 T
6.123
-
i320-104.stp
320 n
17 T
9.915
-
i320-105.stp
320 n
17 T
8.279
-
i320-111.stp
320 n
17 T
183.049
-
i320-112.stp
320 n
17 T
600.0
-
i320-113.stp
320 n
17 T
187.550
-
i320-114.stp
320 n
17 T
189.165
-
i320-115.stp
320 n
17 T
175.740
-
i320-121.stp
320 n
17 T
199.359
-
i320-122.stp
320 n
17 T
197.545
-
i320-123.stp
320 n
17 T
198.834
-
i320-124.stp
320 n
17 T
197.589
-
i320-125.stp
320 n
17 T
197.966
-
i320-131.stp
320 n
17 T
82.556
-
i320-132.stp
320 n
17 T
13.038
-
i320-133.stp
320 n
17 T
8.311
-
i320-134.stp
320 n
17 T
74.268
-
i320-135.stp
320 n
17 T
67.943
-
i320-141.stp
320 n
17 T
192.714
-
i320-142.stp
320 n
17 T
193.561
-
i320-143.stp
320 n
17 T
194.516
-
i320-144.stp
320 n
17 T
192.298
-
i320-145.stp
320 n
17 T
194.871
