-
i640-001.stp
640 n
9 T
0.025
-
i640-002.stp
640 n
9 T
0.022
-
i640-003.stp
640 n
9 T
0.019
-
i640-004.stp
640 n
9 T
0.036
-
i640-005.stp
640 n
9 T
0.036
-
i640-011.stp
640 n
9 T
0.093
-
i640-012.stp
640 n
9 T
0.088
-
i640-013.stp
640 n
9 T
0.094
-
i640-014.stp
640 n
9 T
0.082
-
i640-015.stp
640 n
9 T
0.082
-
i640-021.stp
640 n
9 T
0.263
-
i640-022.stp
640 n
9 T
0.270
-
i640-023.stp
640 n
9 T
0.273
-
i640-024.stp
640 n
9 T
0.273
-
i640-025.stp
640 n
9 T
0.273
-
i640-031.stp
640 n
9 T
0.041
-
i640-032.stp
640 n
9 T
0.034
-
i640-033.stp
640 n
9 T
0.046
-
i640-034.stp
640 n
9 T
0.030
-
i640-035.stp
640 n
9 T
0.026
-
i640-041.stp
640 n
9 T
0.135
-
i640-042.stp
640 n
9 T
0.138
-
i640-043.stp
640 n
9 T
0.141
-
i640-044.stp
640 n
9 T
0.140
-
i640-045.stp
640 n
9 T
0.138
