-
msm0580.stp
338 n
11 T
0.007
-
msm0654.stp
1290 n
10 T
0.015
-
msm0709.stp
1442 n
16 T
0.012
-
msm1008.stp
402 n
11 T
0.010
-
msm1234.stp
933 n
13 T
0.006
-
msm1707.stp
278 n
11 T
0.002
-
msm1844.stp
90 n
10 T
0.001
-
msm1931.stp
875 n
10 T
0.003
-
msm2000.stp
898 n
10 T
0.007
-
msm2326.stp
418 n
14 T
0.007
-
msm2705.stp
1359 n
13 T
0.022
-
msm3676.stp
957 n
10 T
0.008
-
msm4038.stp
237 n
11 T
0.002
-
msm4114.stp
402 n
16 T
0.008
-
msm4190.stp
391 n
16 T
0.007
-
msm4224.stp
191 n
11 T
0.004
-
msm4414.stp
317 n
11 T
0.004
-
msm4515.stp
777 n
13 T
0.014
