-
b01.in Correct 82
50 node number
9 terminal number
0 ms graph read
7 ms distances duration
0 ms copy duration
5805 us first phase duration
14543 us second phase duration
27 ms everything
-
b02.in Correct 83
50 node number
13 terminal number
0 ms graph read
5 ms distances duration
4 ms copy duration
498988 us first phase duration
217343 us second phase duration
726 ms everything
-
b04.in Correct 59
50 node number
9 terminal number
0 ms graph read
5 ms distances duration
0 ms copy duration
6434 us first phase duration
15955 us second phase duration
28 ms everything
-
b05.in Correct 61
50 node number
13 terminal number
0 ms graph read
7 ms distances duration
4 ms copy duration
484681 us first phase duration
211352 us second phase duration
708 ms everything
-
b07.in Correct 111
75 node number
13 terminal number
0 ms graph read
15 ms distances duration
1 ms copy duration
712242 us first phase duration
466223 us second phase duration
1196 ms everything
-
b10.in Correct 86
75 node number
13 terminal number
0 ms graph read
15 ms distances duration
1 ms copy duration
704388 us first phase duration
457462 us second phase duration
1179 ms everything
