-
c01.in Correct 85
500 node number
5 terminal number
2 ms graph read
2303 ms distances duration
0 ms copy duration
510 us first phase duration
73401 us second phase duration
2377 ms everything
-
c02.in Correct 144
500 node number
10 terminal number
2 ms graph read
2299 ms distances duration
0 ms copy duration
170616 us first phase duration
2503752 us second phase duration
4974 ms everything
-
c06.in Correct 55
500 node number
5 terminal number
2 ms graph read
2292 ms distances duration
0 ms copy duration
515 us first phase duration
73364 us second phase duration
2366 ms everything
-
c07.in Correct 102
500 node number
10 terminal number
2 ms graph read
2302 ms distances duration
0 ms copy duration
171387 us first phase duration
2498592 us second phase duration
4973 ms everything
-
c11.in Correct 32
500 node number
5 terminal number
3 ms graph read
2283 ms distances duration
0 ms copy duration
503 us first phase duration
73380 us second phase duration
2357 ms everything
-
c12.in Correct 46
500 node number
10 terminal number
3 ms graph read
2313 ms distances duration
0 ms copy duration
172281 us first phase duration
2498635 us second phase duration
4984 ms everything
-
c16.in Correct 11
500 node number
5 terminal number
7 ms graph read
2279 ms distances duration
0 ms copy duration
514 us first phase duration
73279 us second phase duration
2353 ms everything
-
c17.in Correct 18
500 node number
10 terminal number
6 ms graph read
2277 ms distances duration
0 ms copy duration
170847 us first phase duration
2494465 us second phase duration
4943 ms everything
