-
d01.in Correct 106
1000 node number
5 terminal number
7 ms graph read
18211 ms distances duration
0 ms copy duration
1047 us first phase duration
293161 us second phase duration
18505 ms everything
-
d02.in Correct 220
1000 node number
10 terminal number
9 ms graph read
18176 ms distances duration
1 ms copy duration
344957 us first phase duration
9999382 us second phase duration
28522 ms everything
-
d06.in Correct 67
1000 node number
5 terminal number
3 ms graph read
18360 ms distances duration
0 ms copy duration
1001 us first phase duration
293244 us second phase duration
18655 ms everything
-
d07.in Correct 103
1000 node number
10 terminal number
4 ms graph read
18257 ms distances duration
1 ms copy duration
348525 us first phase duration
9971375 us second phase duration
28578 ms everything
-
d11.in Correct 29
1000 node number
5 terminal number
8 ms graph read
18391 ms distances duration
0 ms copy duration
1023 us first phase duration
292837 us second phase duration
18684 ms everything
-
d12.in Correct 42
1000 node number
10 terminal number
11 ms graph read
18115 ms distances duration
1 ms copy duration
346129 us first phase duration
9960826 us second phase duration
28424 ms everything
-
d16.in Correct 13
1000 node number
5 terminal number
15 ms graph read
18238 ms distances duration
0 ms copy duration
1002 us first phase duration
292726 us second phase duration
18532 ms everything
-
d17.in Correct 23
1000 node number
10 terminal number
16 ms graph read
18285 ms distances duration
1 ms copy duration
341707 us first phase duration
9972494 us second phase duration
28601 ms everything
