-
lin01.in Correct 503
53 node number
4 terminal number
0 ms graph read
3 ms distances duration
0 ms copy duration
15 us first phase duration
454 us second phase duration
3 ms everything
-
lin02.in Correct 557
55 node number
6 terminal number
0 ms graph read
9 ms distances duration
0 ms copy duration
315 us first phase duration
3844 us second phase duration
14 ms everything
-
lin03.in Correct 926
57 node number
8 terminal number
0 ms graph read
7 ms distances duration
0 ms copy duration
2534 us first phase duration
10819 us second phase duration
20 ms everything
-
lin04.in Correct 1239
157 node number
6 terminal number
0 ms graph read
78 ms distances duration
0 ms copy duration
560 us first phase duration
15067 us second phase duration
93 ms everything
-
lin05.in Correct 1703
160 node number
9 terminal number
0 ms graph read
83 ms distances duration
0 ms copy duration
18373 us first phase duration
129634 us second phase duration
231 ms everything
-
lin06.in Correct 1348
165 node number
14 terminal number
0 ms graph read
91 ms distances duration
5 ms copy duration
4816973 us first phase duration
4458990 us second phase duration
9374 ms everything
-
lin07.in Correct 1885
307 node number
6 terminal number
1 ms graph read
535 ms distances duration
0 ms copy duration
1123 us first phase duration
57564 us second phase duration
594 ms everything
-
lin08.in Correct 2248
311 node number
10 terminal number
1 ms graph read
561 ms distances duration
0 ms copy duration
112477 us first phase duration
983520 us second phase duration
1657 ms everything
-
lin09.in Correct 2752
313 node number
12 terminal number
0 ms graph read
601 ms distances duration
2 ms copy duration
1005272 us first phase duration
4006588 us second phase duration
5615 ms everything
-
lin11.in Correct 4280
816 node number
10 terminal number
2 ms graph read
9850 ms distances duration
1 ms copy duration
281559 us first phase duration
6657036 us second phase duration
16790 ms everything
-
lin12.in Correct 5250
818 node number
12 terminal number
5 ms graph read
9984 ms distances duration
5 ms copy duration
2584680 us first phase duration
26833981 us second phase duration
39408 ms everything
