-
p601.in Correct 0
100 node number
0 terminal number
0 ms graph read
0 ms distances duration
0 ms copy duration
0 us first phase duration
0 us second phase duration
0 ms everything
-
p602.in Correct 8083
100 node number
5 terminal number
0 ms graph read
27 ms distances duration
0 ms copy duration
104 us first phase duration
3028 us second phase duration
30 ms everything
-
p603.in Correct 5022
100 node number
5 terminal number
0 ms graph read
26 ms distances duration
0 ms copy duration
114 us first phase duration
3264 us second phase duration
29 ms everything
-
p604.in Correct 11397
100 node number
10 terminal number
0 ms graph read
23 ms distances duration
0 ms copy duration
38569 us first phase duration
111403 us second phase duration
173 ms everything
-
p605.in Correct 10355
100 node number
10 terminal number
0 ms graph read
24 ms distances duration
0 ms copy duration
39574 us first phase duration
119377 us second phase duration
183 ms everything
-
p606.in Correct 13048
100 node number
10 terminal number
0 ms graph read
27 ms distances duration
0 ms copy duration
34370 us first phase duration
101752 us second phase duration
164 ms everything
-
p613.in Correct 18429
200 node number
10 terminal number
0 ms graph read
152 ms distances duration
0 ms copy duration
69635 us first phase duration
408571 us second phase duration
631 ms everything
