-
antiwheel5.in Correct 7
10 node number
5 terminal number
0 ms graph read
0 ms distances duration
0 ms copy duration
28 us first phase duration
88 us second phase duration
0 ms everything
-
design432.in Correct 9
8 node number
4 terminal number
0 ms graph read
0 ms distances duration
0 ms copy duration
3 us first phase duration
15 us second phase duration
0 ms everything
-
oddcycle3.in Correct 4
6 node number
3 terminal number
0 ms graph read
0 ms distances duration
0 ms copy duration
1 us first phase duration
8 us second phase duration
0 ms everything
-
oddwheel3.in Correct 5
7 node number
4 terminal number
0 ms graph read
0 ms distances duration
0 ms copy duration
5 us first phase duration
21 us second phase duration
0 ms everything
-
se03.in Correct 12
13 node number
4 terminal number
0 ms graph read
0 ms distances duration
0 ms copy duration
9 us first phase duration
67 us second phase duration
0 ms everything
